0 info it worked if it ends with ok
1 verbose cli [ 'nodejs', '/usr/bin/npm', 'start' ]
2 info using npm@1.1.69
3 info using node@v0.8.16
4 verbose read json /home/weboniselab/testapp/package.json
5 verbose run-script [ 'prestart', 'start', 'poststart' ]
6 info prestart testapp@1.0.0
7 info start testapp@1.0.0
8 verbose unsafe-perm in lifecycle true
9 silly exec sh "-c" "node node_modules/hoodie-app/bin/start"
10 silly sh,-c,node node_modules/hoodie-app/bin/start,/home/weboniselab/testapp spawning
11 info testapp@1.0.0 Failed to exec start script
12 error testapp@1.0.0 start: `node node_modules/hoodie-app/bin/start`
12 error `sh "-c" "node node_modules/hoodie-app/bin/start"` failed with 1
13 error Failed at the testapp@1.0.0 start script.
13 error This is most likely a problem with the testapp package,
13 error not with npm itself.
13 error Tell the author that this fails on your system:
13 error     node node_modules/hoodie-app/bin/start
13 error You can get their info via:
13 error     npm owner ls testapp
13 error There is likely additional logging output above.
14 error System Linux 3.0.0-25-generic
15 error command "nodejs" "/usr/bin/npm" "start"
16 error cwd /home/weboniselab/testapp
17 error node -v v0.8.16
18 error npm -v 1.1.69
19 error code ELIFECYCLE
20 verbose exit [ 1, true ]
